[Info] [2023-2-25 17:56:38] /***************************Start Configuration***************************/
[Info] [2023-2-25 17:56:38] Path: D:/pango/PDS_2022.1/bin
[Info] [2023-2-25 17:56:38] Version: 99559
[Info] [2023-2-25 17:56:39] Current Path: D:/FPGA/Project/I2S
[Info] [2023-2-25 17:56:39] PDS Dir Path: D:/FPGA/Project/I2S
[Info] [2023-2-25 17:56:44] Configuration is not connect with server. connect first then scan chain.
[Debug] [2023-2-25 17:56:44] Client Local host name:QQX
[Debug] [2023-2-25 17:56:44] Client Local Address:192.168.0.109
[Debug] [2023-2-25 17:56:44] Server Address:127.0.0.1, Port:65420
[Info] [2023-2-25 17:56:47] Connect OK, Server: 127.0.0.1  Port: 65420
[Debug] [2023-2-25 17:56:47] Finish.
[Info] [2023-2-25 17:56:47] Connect server succeeded
[Debug] [2023-2-25 17:56:47] Send RPC:1
[Debug] [2023-2-25 17:56:47] Send cmd [check version information:40005] OK
[Debug] [2023-2-25 17:56:49] Send RPC:2
[Debug] [2023-2-25 17:56:49] Send cmd [get_cable_paras:40011] OK
[Debug] [2023-2-25 17:56:49] Begin to send initialize chain cmd...
[Debug] [2023-2-25 17:56:49] Send RPC:3
[Debug] [2023-2-25 17:56:49] Send cmd [Open config cable:20001] OK
[Debug] [2023-2-25 17:56:49] End to send initialize chain cmd.
[Debug] [2023-2-25 17:56:49] COMMAND[check version information] execute successfully, takes 1.9 secs.
[Debug] [2023-2-25 17:56:51] COMMAND[get_cable_paras] execute successfully, takes 2.2 secs.
[Debug] [2023-2-25 17:56:52] begin the exec of open cable cmd...
[Debug] [2023-2-25 17:56:52] Begin to deal with chain from server...
[Debug] [2023-2-25 17:56:52] Begin to set user chain...
[Debug] [2023-2-25 17:56:52] End to set user chain.
[Debug] [2023-2-25 17:56:52] Begin to update graphic item and tree item ...
[Debug] [2023-2-25 17:56:52] End to update graphic item and tree item ...
[Info] [2023-2-25 17:56:56] set OpenLastPath: D:/FPGA/Project/I2S/generate_bitstream/top.sbit
[Debug] [2023-2-25 17:56:56] begin to get device info from CFG file...
[Debug] [2023-2-25 17:56:56] end to get device info from CFG file...
[Debug] [2023-2-25 17:56:56] Begin to update graphic item and tree item ...
[Debug] [2023-2-25 17:56:56] End to update graphic item and tree item ...
[Debug] [2023-2-25 17:56:56] End to deal wiht chain from server.
[Debug] [2023-2-25 17:56:56] end the exec of open cable cmd.
[Debug] [2023-2-25 17:56:56] COMMAND[Open config cable] execute successfully, takes 6.9 secs.
[Debug] [2023-2-25 17:57:00] Begin to send programming cmd...
[Debug] [2023-2-25 17:57:00] Send RPC:4
[Debug] [2023-2-25 17:57:00] Begin to send program data.
[Debug] [2023-2-25 17:57:00] End to send program data.
[Debug] [2023-2-25 17:57:00] Send cmd [Program:20002] OK
[Debug] [2023-2-25 17:57:00] The value of Progress is 6
[Debug] [2023-2-25 17:57:00] The value of Progress is 10
[Debug] [2023-2-25 17:57:00] The value of Progress is 15
[Debug] [2023-2-25 17:57:00] The value of Progress is 20
[Debug] [2023-2-25 17:57:00] The value of Progress is 25
[Debug] [2023-2-25 17:57:00] The value of Progress is 30
[Debug] [2023-2-25 17:57:00] The value of Progress is 35
[Debug] [2023-2-25 17:57:00] The value of Progress is 40
[Debug] [2023-2-25 17:57:00] The value of Progress is 45
[Debug] [2023-2-25 17:57:01] The value of Progress is 50
[Debug] [2023-2-25 17:57:01] The value of Progress is 55
[Debug] [2023-2-25 17:57:01] The value of Progress is 60
[Debug] [2023-2-25 17:57:01] The value of Progress is 65
[Debug] [2023-2-25 17:57:01] The value of Progress is 70
[Debug] [2023-2-25 17:57:01] The value of Progress is 75
[Debug] [2023-2-25 17:57:01] The value of Progress is 80
[Debug] [2023-2-25 17:57:01] The value of Progress is 85
[Debug] [2023-2-25 17:57:01] The value of Progress is 90
[Debug] [2023-2-25 17:57:01] The value of Progress is 95
[Debug] [2023-2-25 17:57:01] The value of Progress is 100
[Debug] [2023-2-25 17:57:01] COMMAND[Program] execute successfully, takes 1.4 secs.
[Debug] [2023-2-25 17:57:01] End to send programming cmd.
[Info] [2023-2-25 17:58:42] /***************************End Configration***************************/
[Info] [2023-2-25 18:27:56] /***************************Start Configuration***************************/
[Info] [2023-2-25 18:27:56] Path: D:/pango/PDS_2022.1/bin
[Info] [2023-2-25 18:27:56] Version: 99559
[Info] [2023-2-25 18:27:57] Current Path: D:/FPGA/Project/I2S
[Info] [2023-2-25 18:27:57] PDS Dir Path: D:/FPGA/Project/I2S
[Info] [2023-2-25 18:28:02] Configuration is not connect with server. connect first then scan chain.
[Debug] [2023-2-25 18:28:02] Client Local host name:QQX
[Debug] [2023-2-25 18:28:02] Client Local Address:192.168.0.109
[Debug] [2023-2-25 18:28:02] Server Address:127.0.0.1, Port:65420
[Info] [2023-2-25 18:28:03] Connect OK, Server: 127.0.0.1  Port: 65420
[Debug] [2023-2-25 18:28:03] Finish.
[Info] [2023-2-25 18:28:03] Connect server succeeded
[Debug] [2023-2-25 18:28:03] Send RPC:1
[Debug] [2023-2-25 18:28:03] Send cmd [check version information:40005] OK
[Debug] [2023-2-25 18:28:04] Send RPC:2
[Debug] [2023-2-25 18:28:04] Send cmd [get_cable_paras:40011] OK
[Debug] [2023-2-25 18:28:04] Begin to send initialize chain cmd...
[Debug] [2023-2-25 18:28:04] Send RPC:3
[Debug] [2023-2-25 18:28:04] Send cmd [Open config cable:20001] OK
[Debug] [2023-2-25 18:28:04] End to send initialize chain cmd.
[Debug] [2023-2-25 18:28:04] COMMAND[check version information] execute successfully, takes 0.7 secs.
[Debug] [2023-2-25 18:28:05] COMMAND[get_cable_paras] execute successfully, takes 1.4 secs.
[Debug] [2023-2-25 18:28:06] begin the exec of open cable cmd...
[Debug] [2023-2-25 18:28:06] Begin to deal with chain from server...
[Debug] [2023-2-25 18:28:06] Begin to set user chain...
[Debug] [2023-2-25 18:28:06] End to set user chain.
[Debug] [2023-2-25 18:28:06] Begin to update graphic item and tree item ...
[Debug] [2023-2-25 18:28:06] End to update graphic item and tree item ...
[Info] [2023-2-25 18:28:07] set OpenLastPath: D:/FPGA/Project/I2S/generate_bitstream/top.sbit
[Debug] [2023-2-25 18:28:07] begin to get device info from CFG file...
[Debug] [2023-2-25 18:28:07] end to get device info from CFG file...
[Debug] [2023-2-25 18:28:07] Begin to update graphic item and tree item ...
[Debug] [2023-2-25 18:28:07] End to update graphic item and tree item ...
[Debug] [2023-2-25 18:28:07] End to deal wiht chain from server.
[Debug] [2023-2-25 18:28:07] end the exec of open cable cmd.
[Debug] [2023-2-25 18:28:07] COMMAND[Open config cable] execute successfully, takes 3.5 secs.
[Debug] [2023-2-25 18:28:09] Begin to send programming cmd...
[Debug] [2023-2-25 18:28:09] Send RPC:4
[Debug] [2023-2-25 18:28:09] Begin to send program data.
[Debug] [2023-2-25 18:28:09] End to send program data.
[Debug] [2023-2-25 18:28:09] Send cmd [Program:20002] OK
[Debug] [2023-2-25 18:28:10] The value of Progress is 6
[Debug] [2023-2-25 18:28:10] The value of Progress is 10
[Debug] [2023-2-25 18:28:10] The value of Progress is 15
[Debug] [2023-2-25 18:28:10] The value of Progress is 20
[Debug] [2023-2-25 18:28:10] The value of Progress is 25
[Debug] [2023-2-25 18:28:10] The value of Progress is 30
[Debug] [2023-2-25 18:28:10] The value of Progress is 35
[Debug] [2023-2-25 18:28:10] The value of Progress is 40
[Debug] [2023-2-25 18:28:10] The value of Progress is 45
[Debug] [2023-2-25 18:28:10] The value of Progress is 50
[Debug] [2023-2-25 18:28:10] The value of Progress is 55
[Debug] [2023-2-25 18:28:10] The value of Progress is 60
[Debug] [2023-2-25 18:28:10] The value of Progress is 65
[Debug] [2023-2-25 18:28:10] The value of Progress is 70
[Debug] [2023-2-25 18:28:10] The value of Progress is 75
[Debug] [2023-2-25 18:28:10] The value of Progress is 80
[Debug] [2023-2-25 18:28:10] The value of Progress is 85
[Debug] [2023-2-25 18:28:10] The value of Progress is 90
[Debug] [2023-2-25 18:28:10] The value of Progress is 95
[Debug] [2023-2-25 18:28:10] The value of Progress is 100
[Debug] [2023-2-25 18:28:11] COMMAND[Program] execute successfully, takes 1.4 secs.
[Debug] [2023-2-25 18:28:11] End to send programming cmd.
[Info] [2023-2-25 18:33:06] /***************************End Configration***************************/
[Info] [2023-2-25 18:33:11] /***************************Start Configuration***************************/
[Info] [2023-2-25 18:33:11] Path: D:/pango/PDS_2022.1/bin
[Info] [2023-2-25 18:33:11] Version: 99559
[Info] [2023-2-25 18:33:12] Current Path: D:/FPGA/Project/I2S
[Info] [2023-2-25 18:33:12] PDS Dir Path: D:/FPGA/Project/I2S
[Info] [2023-2-25 18:33:17] Configuration is not connect with server. connect first then scan chain.
[Debug] [2023-2-25 18:33:17] Client Local host name:QQX
[Debug] [2023-2-25 18:33:17] Client Local Address:192.168.0.109
[Debug] [2023-2-25 18:33:17] Server Address:127.0.0.1, Port:65420
[Info] [2023-2-25 18:33:17] Connect OK, Server: 127.0.0.1  Port: 65420
[Debug] [2023-2-25 18:33:17] Finish.
[Info] [2023-2-25 18:33:17] Connect server succeeded
[Debug] [2023-2-25 18:33:17] Send RPC:1
[Debug] [2023-2-25 18:33:17] Send cmd [check version information:40005] OK
[Debug] [2023-2-25 18:33:18] Send RPC:2
[Debug] [2023-2-25 18:33:18] Send cmd [get_cable_paras:40011] OK
[Debug] [2023-2-25 18:33:18] Begin to send initialize chain cmd...
[Debug] [2023-2-25 18:33:18] Send RPC:3
[Debug] [2023-2-25 18:33:18] Send cmd [Open config cable:20001] OK
[Debug] [2023-2-25 18:33:18] End to send initialize chain cmd.
[Debug] [2023-2-25 18:33:18] COMMAND[check version information] execute successfully, takes 0.7 secs.
[Debug] [2023-2-25 18:33:19] COMMAND[get_cable_paras] execute successfully, takes 1.4 secs.
[Debug] [2023-2-25 18:33:20] begin the exec of open cable cmd...
[Debug] [2023-2-25 18:33:20] Begin to deal with chain from server...
[Debug] [2023-2-25 18:33:20] Begin to set user chain...
[Debug] [2023-2-25 18:33:20] End to set user chain.
[Debug] [2023-2-25 18:33:20] Begin to update graphic item and tree item ...
[Debug] [2023-2-25 18:33:20] End to update graphic item and tree item ...
[Info] [2023-2-25 18:33:21] set OpenLastPath: D:/FPGA/Project/I2S/generate_bitstream/top.sbit
[Debug] [2023-2-25 18:33:21] begin to get device info from CFG file...
[Debug] [2023-2-25 18:33:21] end to get device info from CFG file...
[Debug] [2023-2-25 18:33:21] Begin to update graphic item and tree item ...
[Debug] [2023-2-25 18:33:21] End to update graphic item and tree item ...
[Debug] [2023-2-25 18:33:21] End to deal wiht chain from server.
[Debug] [2023-2-25 18:33:21] end the exec of open cable cmd.
[Debug] [2023-2-25 18:33:21] COMMAND[Open config cable] execute successfully, takes 3.1 secs.
[Debug] [2023-2-25 18:33:23] Begin to send programming cmd...
[Debug] [2023-2-25 18:33:23] Send RPC:4
[Debug] [2023-2-25 18:33:23] Begin to send program data.
[Debug] [2023-2-25 18:33:23] End to send program data.
[Debug] [2023-2-25 18:33:23] Send cmd [Program:20002] OK
[Debug] [2023-2-25 18:33:23] The value of Progress is 6
[Debug] [2023-2-25 18:33:23] The value of Progress is 10
[Debug] [2023-2-25 18:33:23] The value of Progress is 15
[Debug] [2023-2-25 18:33:23] The value of Progress is 20
[Debug] [2023-2-25 18:33:23] The value of Progress is 25
[Debug] [2023-2-25 18:33:23] The value of Progress is 30
[Debug] [2023-2-25 18:33:23] The value of Progress is 35
[Debug] [2023-2-25 18:33:23] The value of Progress is 40
[Debug] [2023-2-25 18:33:23] The value of Progress is 45
[Debug] [2023-2-25 18:33:24] The value of Progress is 50
[Debug] [2023-2-25 18:33:24] The value of Progress is 55
[Debug] [2023-2-25 18:33:24] The value of Progress is 60
[Debug] [2023-2-25 18:33:24] The value of Progress is 65
[Debug] [2023-2-25 18:33:24] The value of Progress is 70
[Debug] [2023-2-25 18:33:24] The value of Progress is 75
[Debug] [2023-2-25 18:33:24] The value of Progress is 80
[Debug] [2023-2-25 18:33:24] The value of Progress is 85
[Debug] [2023-2-25 18:33:24] The value of Progress is 90
[Debug] [2023-2-25 18:33:24] The value of Progress is 95
[Debug] [2023-2-25 18:33:24] The value of Progress is 100
[Debug] [2023-2-25 18:33:24] COMMAND[Program] execute successfully, takes 1.4 secs.
[Debug] [2023-2-25 18:33:24] End to send programming cmd.
[Info] [2023-2-25 19:06:24] /***************************End Configration***************************/
[Info] [2023-2-25 20:03:20] /***************************Start Configuration***************************/
[Info] [2023-2-25 20:03:20] Path: D:/pango/PDS_2022.1/bin
[Info] [2023-2-25 20:03:20] Version: 99559
[Info] [2023-2-25 20:03:21] Current Path: D:/FPGA/Project/I2S
[Info] [2023-2-25 20:03:21] PDS Dir Path: D:/FPGA/Project/I2S
[Info] [2023-2-25 20:03:26] Configuration is not connect with server. connect first then scan chain.
[Debug] [2023-2-25 20:03:26] Client Local host name:QQX
[Debug] [2023-2-25 20:03:26] Client Local Address:192.168.0.109
[Debug] [2023-2-25 20:03:26] Server Address:127.0.0.1, Port:65420
[Info] [2023-2-25 20:03:27] Connect OK, Server: 127.0.0.1  Port: 65420
[Debug] [2023-2-25 20:03:27] Finish.
[Info] [2023-2-25 20:03:27] Connect server succeeded
[Debug] [2023-2-25 20:03:27] Send RPC:1
[Debug] [2023-2-25 20:03:27] Send cmd [check version information:40005] OK
[Debug] [2023-2-25 20:03:28] Send RPC:2
[Debug] [2023-2-25 20:03:28] Send cmd [get_cable_paras:40011] OK
[Debug] [2023-2-25 20:03:28] Begin to send initialize chain cmd...
[Debug] [2023-2-25 20:03:28] Send RPC:3
[Debug] [2023-2-25 20:03:28] Send cmd [Open config cable:20001] OK
[Debug] [2023-2-25 20:03:28] End to send initialize chain cmd.
[Debug] [2023-2-25 20:03:28] COMMAND[check version information] execute successfully, takes 0.8 secs.
[Debug] [2023-2-25 20:03:29] COMMAND[get_cable_paras] execute successfully, takes 1.5 secs.
[Debug] [2023-2-25 20:03:30] begin the exec of open cable cmd...
[Debug] [2023-2-25 20:03:30] Begin to deal with chain from server...
[Debug] [2023-2-25 20:03:30] Begin to set user chain...
[Debug] [2023-2-25 20:03:30] End to set user chain.
[Debug] [2023-2-25 20:03:30] Begin to update graphic item and tree item ...
[Debug] [2023-2-25 20:03:30] End to update graphic item and tree item ...
[Info] [2023-2-25 20:03:31] set OpenLastPath: D:/FPGA/Project/I2S/generate_bitstream/top.sbit
[Debug] [2023-2-25 20:03:31] begin to get device info from CFG file...
[Debug] [2023-2-25 20:03:31] end to get device info from CFG file...
[Debug] [2023-2-25 20:03:31] Begin to update graphic item and tree item ...
[Debug] [2023-2-25 20:03:31] End to update graphic item and tree item ...
[Debug] [2023-2-25 20:03:31] End to deal wiht chain from server.
[Debug] [2023-2-25 20:03:31] end the exec of open cable cmd.
[Debug] [2023-2-25 20:03:31] COMMAND[Open config cable] execute successfully, takes 3.3 secs.
[Debug] [2023-2-25 20:03:32] Begin to send programming cmd...
[Debug] [2023-2-25 20:03:32] Send RPC:4
[Debug] [2023-2-25 20:03:32] Begin to send program data.
[Debug] [2023-2-25 20:03:32] End to send program data.
[Debug] [2023-2-25 20:03:32] Send cmd [Program:20002] OK
[Debug] [2023-2-25 20:03:33] The value of Progress is 6
[Debug] [2023-2-25 20:03:33] The value of Progress is 10
[Debug] [2023-2-25 20:03:33] The value of Progress is 15
[Debug] [2023-2-25 20:03:33] The value of Progress is 20
[Debug] [2023-2-25 20:03:33] The value of Progress is 25
[Debug] [2023-2-25 20:03:33] The value of Progress is 30
[Debug] [2023-2-25 20:03:33] The value of Progress is 35
[Debug] [2023-2-25 20:03:33] The value of Progress is 40
[Debug] [2023-2-25 20:03:33] The value of Progress is 45
[Debug] [2023-2-25 20:03:33] The value of Progress is 50
[Debug] [2023-2-25 20:03:33] The value of Progress is 55
[Debug] [2023-2-25 20:03:33] The value of Progress is 60
[Debug] [2023-2-25 20:03:33] The value of Progress is 65
[Debug] [2023-2-25 20:03:33] The value of Progress is 70
[Debug] [2023-2-25 20:03:33] The value of Progress is 75
[Debug] [2023-2-25 20:03:33] The value of Progress is 80
[Debug] [2023-2-25 20:03:33] The value of Progress is 85
[Debug] [2023-2-25 20:03:33] The value of Progress is 90
[Debug] [2023-2-25 20:03:33] The value of Progress is 95
[Debug] [2023-2-25 20:03:33] The value of Progress is 100
[Debug] [2023-2-25 20:03:34] COMMAND[Program] execute successfully, takes 1.4 secs.
[Debug] [2023-2-25 20:03:34] End to send programming cmd.
[Info] [2023-2-25 20:07:15] /***************************End Configration***************************/
[Info] [2023-2-25 20:07:17] /***************************Start Configuration***************************/
[Info] [2023-2-25 20:07:17] Path: D:/pango/PDS_2022.1/bin
[Info] [2023-2-25 20:07:17] Version: 99559
[Info] [2023-2-25 20:07:18] Current Path: D:/FPGA/Project/I2S
[Info] [2023-2-25 20:07:18] PDS Dir Path: D:/FPGA/Project/I2S
[Info] [2023-2-25 20:07:19] Configuration is not connect with server. connect first then scan chain.
[Debug] [2023-2-25 20:07:19] Client Local host name:QQX
[Debug] [2023-2-25 20:07:19] Client Local Address:192.168.0.109
[Debug] [2023-2-25 20:07:19] Server Address:127.0.0.1, Port:65420
[Info] [2023-2-25 20:07:20] Connect OK, Server: 127.0.0.1  Port: 65420
[Debug] [2023-2-25 20:07:20] Finish.
[Info] [2023-2-25 20:07:20] Connect server succeeded
[Debug] [2023-2-25 20:07:20] Send RPC:1
[Debug] [2023-2-25 20:07:20] Send cmd [check version information:40005] OK
[Debug] [2023-2-25 20:07:21] Send RPC:2
[Debug] [2023-2-25 20:07:21] Send cmd [get_cable_paras:40011] OK
[Debug] [2023-2-25 20:07:21] Begin to send initialize chain cmd...
[Debug] [2023-2-25 20:07:21] Send RPC:3
[Debug] [2023-2-25 20:07:21] Send cmd [Open config cable:20001] OK
[Debug] [2023-2-25 20:07:21] End to send initialize chain cmd.
[Debug] [2023-2-25 20:07:21] COMMAND[check version information] execute successfully, takes 0.9 secs.
[Debug] [2023-2-25 20:07:22] COMMAND[get_cable_paras] execute successfully, takes 1.5 secs.
[Debug] [2023-2-25 20:07:23] begin the exec of open cable cmd...
[Debug] [2023-2-25 20:07:23] Begin to deal with chain from server...
[Debug] [2023-2-25 20:07:23] Begin to set user chain...
[Debug] [2023-2-25 20:07:23] End to set user chain.
[Debug] [2023-2-25 20:07:23] Begin to update graphic item and tree item ...
[Debug] [2023-2-25 20:07:23] End to update graphic item and tree item ...
[Info] [2023-2-25 20:07:24] set OpenLastPath: D:/FPGA/Project/I2S/generate_bitstream/top.sbit
[Debug] [2023-2-25 20:07:24] begin to get device info from CFG file...
[Debug] [2023-2-25 20:07:24] end to get device info from CFG file...
[Debug] [2023-2-25 20:07:24] Begin to update graphic item and tree item ...
[Debug] [2023-2-25 20:07:24] End to update graphic item and tree item ...
[Debug] [2023-2-25 20:07:24] End to deal wiht chain from server.
[Debug] [2023-2-25 20:07:24] end the exec of open cable cmd.
[Debug] [2023-2-25 20:07:24] COMMAND[Open config cable] execute successfully, takes 3.8 secs.
[Debug] [2023-2-25 20:07:26] Begin to send programming cmd...
[Debug] [2023-2-25 20:07:26] Send RPC:4
[Debug] [2023-2-25 20:07:26] Begin to send program data.
[Debug] [2023-2-25 20:07:26] End to send program data.
[Debug] [2023-2-25 20:07:26] Send cmd [Program:20002] OK
[Debug] [2023-2-25 20:07:27] The value of Progress is 6
[Debug] [2023-2-25 20:07:27] The value of Progress is 10
[Debug] [2023-2-25 20:07:27] The value of Progress is 15
[Debug] [2023-2-25 20:07:27] The value of Progress is 20
[Debug] [2023-2-25 20:07:27] The value of Progress is 25
[Debug] [2023-2-25 20:07:27] The value of Progress is 30
[Debug] [2023-2-25 20:07:27] The value of Progress is 35
[Debug] [2023-2-25 20:07:27] The value of Progress is 40
[Debug] [2023-2-25 20:07:27] The value of Progress is 45
[Debug] [2023-2-25 20:07:27] The value of Progress is 50
[Debug] [2023-2-25 20:07:27] The value of Progress is 55
[Debug] [2023-2-25 20:07:27] The value of Progress is 60
[Debug] [2023-2-25 20:07:27] The value of Progress is 65
[Debug] [2023-2-25 20:07:27] The value of Progress is 70
[Debug] [2023-2-25 20:07:27] The value of Progress is 75
[Debug] [2023-2-25 20:07:27] The value of Progress is 80
[Debug] [2023-2-25 20:07:27] The value of Progress is 85
[Debug] [2023-2-25 20:07:27] The value of Progress is 90
[Debug] [2023-2-25 20:07:27] The value of Progress is 95
[Debug] [2023-2-25 20:07:27] The value of Progress is 100
[Debug] [2023-2-25 20:07:28] COMMAND[Program] execute successfully, takes 1.4 secs.
[Debug] [2023-2-25 20:07:28] End to send programming cmd.
[Info] [2023-2-25 20:10:49] /***************************End Configration***************************/
[Info] [2023-2-25 20:13:29] /***************************Start Configuration***************************/
[Info] [2023-2-25 20:13:29] Path: D:/pango/PDS_2022.1/bin
[Info] [2023-2-25 20:13:29] Version: 99559
[Info] [2023-2-25 20:13:30] Current Path: D:/FPGA/Project/I2S
[Info] [2023-2-25 20:13:30] PDS Dir Path: D:/FPGA/Project/I2S
[Info] [2023-2-25 20:13:32] Configuration is not connect with server. connect first then scan chain.
[Debug] [2023-2-25 20:13:32] Client Local host name:QQX
[Debug] [2023-2-25 20:13:32] Client Local Address:192.168.0.109
[Debug] [2023-2-25 20:13:32] Server Address:127.0.0.1, Port:65420
[Info] [2023-2-25 20:13:33] Connect OK, Server: 127.0.0.1  Port: 65420
[Debug] [2023-2-25 20:13:33] Finish.
[Info] [2023-2-25 20:13:33] Connect server succeeded
[Debug] [2023-2-25 20:13:33] Send RPC:1
[Debug] [2023-2-25 20:13:33] Send cmd [check version information:40005] OK
[Debug] [2023-2-25 20:13:33] Send RPC:2
[Debug] [2023-2-25 20:13:33] Send cmd [get_cable_paras:40011] OK
[Debug] [2023-2-25 20:13:33] Begin to send initialize chain cmd...
[Debug] [2023-2-25 20:13:33] Send RPC:3
[Debug] [2023-2-25 20:13:33] Send cmd [Open config cable:20001] OK
[Debug] [2023-2-25 20:13:33] End to send initialize chain cmd.
[Debug] [2023-2-25 20:13:33] COMMAND[check version information] execute successfully, takes 0.8 secs.
[Debug] [2023-2-25 20:13:35] COMMAND[get_cable_paras] execute successfully, takes 1.4 secs.
[Debug] [2023-2-25 20:13:35] begin the exec of open cable cmd...
[Debug] [2023-2-25 20:13:35] Begin to deal with chain from server...
[Debug] [2023-2-25 20:13:35] Begin to set user chain...
[Debug] [2023-2-25 20:13:35] End to set user chain.
[Debug] [2023-2-25 20:13:35] Begin to update graphic item and tree item ...
[Debug] [2023-2-25 20:13:35] End to update graphic item and tree item ...
[Info] [2023-2-25 20:13:38] set OpenLastPath: D:/FPGA/Project/I2S/generate_bitstream/top.sbit
[Debug] [2023-2-25 20:13:38] begin to get device info from CFG file...
[Debug] [2023-2-25 20:13:38] end to get device info from CFG file...
[Debug] [2023-2-25 20:13:38] Begin to update graphic item and tree item ...
[Debug] [2023-2-25 20:13:38] End to update graphic item and tree item ...
[Debug] [2023-2-25 20:13:38] End to deal wiht chain from server.
[Debug] [2023-2-25 20:13:38] end the exec of open cable cmd.
[Debug] [2023-2-25 20:13:38] COMMAND[Open config cable] execute successfully, takes 4.1 secs.
[Debug] [2023-2-25 20:13:39] Begin to send programming cmd...
[Debug] [2023-2-25 20:13:39] Send RPC:4
[Debug] [2023-2-25 20:13:39] Begin to send program data.
[Debug] [2023-2-25 20:13:39] End to send program data.
[Debug] [2023-2-25 20:13:39] Send cmd [Program:20002] OK
[Debug] [2023-2-25 20:13:40] The value of Progress is 6
[Debug] [2023-2-25 20:13:40] The value of Progress is 10
[Debug] [2023-2-25 20:13:40] The value of Progress is 15
[Debug] [2023-2-25 20:13:40] The value of Progress is 20
[Debug] [2023-2-25 20:13:40] The value of Progress is 25
[Debug] [2023-2-25 20:13:40] The value of Progress is 30
[Debug] [2023-2-25 20:13:40] The value of Progress is 35
[Debug] [2023-2-25 20:13:40] The value of Progress is 40
[Debug] [2023-2-25 20:13:40] The value of Progress is 45
[Debug] [2023-2-25 20:13:40] The value of Progress is 50
[Debug] [2023-2-25 20:13:40] The value of Progress is 55
[Debug] [2023-2-25 20:13:40] The value of Progress is 60
[Debug] [2023-2-25 20:13:40] The value of Progress is 65
[Debug] [2023-2-25 20:13:40] The value of Progress is 70
[Debug] [2023-2-25 20:13:40] The value of Progress is 75
[Debug] [2023-2-25 20:13:40] The value of Progress is 80
[Debug] [2023-2-25 20:13:40] The value of Progress is 85
[Debug] [2023-2-25 20:13:40] The value of Progress is 90
[Debug] [2023-2-25 20:13:40] The value of Progress is 95
[Debug] [2023-2-25 20:13:40] The value of Progress is 100
[Debug] [2023-2-25 20:13:41] COMMAND[Program] execute successfully, takes 1.4 secs.
[Debug] [2023-2-25 20:13:41] End to send programming cmd.
[Info] [2023-2-25 20:14:13] /***************************End Configration***************************/
[Info] [2023-2-25 20:20:19] /***************************Start Configuration***************************/
[Info] [2023-2-25 20:20:19] Path: D:/pango/PDS_2022.1/bin
[Info] [2023-2-25 20:20:19] Version: 99559
[Info] [2023-2-25 20:20:20] Current Path: D:/FPGA/Project/I2S
[Info] [2023-2-25 20:20:20] PDS Dir Path: D:/FPGA/Project/I2S
[Info] [2023-2-25 20:20:22] Configuration is not connect with server. connect first then scan chain.
[Debug] [2023-2-25 20:20:22] Client Local host name:QQX
[Debug] [2023-2-25 20:20:22] Client Local Address:192.168.0.109
[Debug] [2023-2-25 20:20:22] Server Address:127.0.0.1, Port:65420
[Info] [2023-2-25 20:20:22] Connect OK, Server: 127.0.0.1  Port: 65420
[Debug] [2023-2-25 20:20:22] Finish.
[Info] [2023-2-25 20:20:22] Connect server succeeded
[Debug] [2023-2-25 20:20:22] Send RPC:1
[Debug] [2023-2-25 20:20:22] Send cmd [check version information:40005] OK
[Debug] [2023-2-25 20:20:23] Send RPC:2
[Debug] [2023-2-25 20:20:23] Send cmd [get_cable_paras:40011] OK
[Debug] [2023-2-25 20:20:23] Begin to send initialize chain cmd...
[Debug] [2023-2-25 20:20:23] Send RPC:3
[Debug] [2023-2-25 20:20:23] Send cmd [Open config cable:20001] OK
[Debug] [2023-2-25 20:20:23] End to send initialize chain cmd.
[Debug] [2023-2-25 20:20:23] COMMAND[check version information] execute successfully, takes 0.8 secs.
[Debug] [2023-2-25 20:20:24] COMMAND[get_cable_paras] execute successfully, takes 1.4 secs.
[Debug] [2023-2-25 20:20:25] begin the exec of open cable cmd...
[Debug] [2023-2-25 20:20:25] Begin to deal with chain from server...
[Debug] [2023-2-25 20:20:25] Begin to set user chain...
[Debug] [2023-2-25 20:20:25] End to set user chain.
[Debug] [2023-2-25 20:20:25] Begin to update graphic item and tree item ...
[Debug] [2023-2-25 20:20:25] End to update graphic item and tree item ...
[Info] [2023-2-25 20:20:27] set OpenLastPath: D:/FPGA/Project/I2S/generate_bitstream/top.sbit
[Debug] [2023-2-25 20:20:27] begin to get device info from CFG file...
[Debug] [2023-2-25 20:20:27] end to get device info from CFG file...
[Debug] [2023-2-25 20:20:27] Begin to update graphic item and tree item ...
[Debug] [2023-2-25 20:20:27] End to update graphic item and tree item ...
[Debug] [2023-2-25 20:20:27] End to deal wiht chain from server.
[Debug] [2023-2-25 20:20:27] end the exec of open cable cmd.
[Debug] [2023-2-25 20:20:27] COMMAND[Open config cable] execute successfully, takes 3.7 secs.
[Debug] [2023-2-25 20:20:29] Begin to send programming cmd...
[Debug] [2023-2-25 20:20:29] Send RPC:4
[Debug] [2023-2-25 20:20:29] Begin to send program data.
[Debug] [2023-2-25 20:20:29] End to send program data.
[Debug] [2023-2-25 20:20:29] Send cmd [Program:20002] OK
[Debug] [2023-2-25 20:20:30] The value of Progress is 6
[Debug] [2023-2-25 20:20:30] The value of Progress is 10
[Debug] [2023-2-25 20:20:30] The value of Progress is 15
[Debug] [2023-2-25 20:20:30] The value of Progress is 20
[Debug] [2023-2-25 20:20:30] The value of Progress is 25
[Debug] [2023-2-25 20:20:30] The value of Progress is 30
[Debug] [2023-2-25 20:20:30] The value of Progress is 35
[Debug] [2023-2-25 20:20:30] The value of Progress is 40
[Debug] [2023-2-25 20:20:30] The value of Progress is 45
[Debug] [2023-2-25 20:20:30] The value of Progress is 50
[Debug] [2023-2-25 20:20:30] The value of Progress is 55
[Debug] [2023-2-25 20:20:30] The value of Progress is 60
[Debug] [2023-2-25 20:20:30] The value of Progress is 65
[Debug] [2023-2-25 20:20:30] The value of Progress is 70
[Debug] [2023-2-25 20:20:30] The value of Progress is 75
[Debug] [2023-2-25 20:20:30] The value of Progress is 80
[Debug] [2023-2-25 20:20:30] The value of Progress is 85
[Debug] [2023-2-25 20:20:30] The value of Progress is 90
[Debug] [2023-2-25 20:20:30] The value of Progress is 95
[Debug] [2023-2-25 20:20:30] The value of Progress is 100
[Debug] [2023-2-25 20:20:31] COMMAND[Program] execute successfully, takes 1.4 secs.
[Debug] [2023-2-25 20:20:31] End to send programming cmd.
[Info] [2023-2-25 20:20:50] /***************************End Configration***************************/
[Info] [2023-2-25 20:22:05] /***************************Start Configuration***************************/
[Info] [2023-2-25 20:22:05] Path: D:/pango/PDS_2022.1/bin
[Info] [2023-2-25 20:22:05] Version: 99559
[Info] [2023-2-25 20:22:06] Current Path: D:/FPGA/Project/I2S
[Info] [2023-2-25 20:22:06] PDS Dir Path: D:/FPGA/Project/I2S
[Info] [2023-2-25 20:22:08] Configuration is not connect with server. connect first then scan chain.
[Debug] [2023-2-25 20:22:08] Client Local host name:QQX
[Debug] [2023-2-25 20:22:08] Client Local Address:192.168.0.109
[Debug] [2023-2-25 20:22:08] Server Address:127.0.0.1, Port:65420
[Info] [2023-2-25 20:22:09] Connect OK, Server: 127.0.0.1  Port: 65420
[Debug] [2023-2-25 20:22:09] Finish.
[Info] [2023-2-25 20:22:09] Connect server succeeded
[Debug] [2023-2-25 20:22:09] Send RPC:1
[Debug] [2023-2-25 20:22:09] Send cmd [check version information:40005] OK
[Debug] [2023-2-25 20:22:09] Send RPC:2
[Debug] [2023-2-25 20:22:09] Send cmd [get_cable_paras:40011] OK
[Debug] [2023-2-25 20:22:09] Begin to send initialize chain cmd...
[Debug] [2023-2-25 20:22:09] Send RPC:3
[Debug] [2023-2-25 20:22:09] Send cmd [Open config cable:20001] OK
[Debug] [2023-2-25 20:22:09] End to send initialize chain cmd.
[Debug] [2023-2-25 20:22:09] COMMAND[check version information] execute successfully, takes 0.7 secs.
[Debug] [2023-2-25 20:22:11] COMMAND[get_cable_paras] execute successfully, takes 1.5 secs.
[Debug] [2023-2-25 20:22:11] begin the exec of open cable cmd...
[Debug] [2023-2-25 20:22:11] Begin to deal with chain from server...
[Debug] [2023-2-25 20:22:11] Begin to set user chain...
[Debug] [2023-2-25 20:22:11] End to set user chain.
[Debug] [2023-2-25 20:22:11] Begin to update graphic item and tree item ...
[Debug] [2023-2-25 20:22:11] End to update graphic item and tree item ...
[Info] [2023-2-25 20:22:13] set OpenLastPath: D:/FPGA/Project/I2S/generate_bitstream/top.sbit
[Debug] [2023-2-25 20:22:13] begin to get device info from CFG file...
[Debug] [2023-2-25 20:22:13] end to get device info from CFG file...
[Debug] [2023-2-25 20:22:13] Begin to update graphic item and tree item ...
[Debug] [2023-2-25 20:22:13] End to update graphic item and tree item ...
[Debug] [2023-2-25 20:22:13] End to deal wiht chain from server.
[Debug] [2023-2-25 20:22:13] end the exec of open cable cmd.
[Debug] [2023-2-25 20:22:13] COMMAND[Open config cable] execute successfully, takes 3.6 secs.
[Debug] [2023-2-25 20:22:14] Begin to send programming cmd...
[Debug] [2023-2-25 20:22:14] Send RPC:4
[Debug] [2023-2-25 20:22:14] Begin to send program data.
[Debug] [2023-2-25 20:22:14] End to send program data.
[Debug] [2023-2-25 20:22:14] Send cmd [Program:20002] OK
[Debug] [2023-2-25 20:22:15] The value of Progress is 6
[Debug] [2023-2-25 20:22:15] The value of Progress is 10
[Debug] [2023-2-25 20:22:15] The value of Progress is 15
[Debug] [2023-2-25 20:22:15] The value of Progress is 20
[Debug] [2023-2-25 20:22:15] The value of Progress is 25
[Debug] [2023-2-25 20:22:15] The value of Progress is 30
[Debug] [2023-2-25 20:22:15] The value of Progress is 35
[Debug] [2023-2-25 20:22:15] The value of Progress is 40
[Debug] [2023-2-25 20:22:15] The value of Progress is 45
[Debug] [2023-2-25 20:22:15] The value of Progress is 50
[Debug] [2023-2-25 20:22:15] The value of Progress is 55
[Debug] [2023-2-25 20:22:15] The value of Progress is 60
[Debug] [2023-2-25 20:22:15] The value of Progress is 65
[Debug] [2023-2-25 20:22:15] The value of Progress is 70
[Debug] [2023-2-25 20:22:15] The value of Progress is 75
[Debug] [2023-2-25 20:22:15] The value of Progress is 80
[Debug] [2023-2-25 20:22:15] The value of Progress is 85
[Debug] [2023-2-25 20:22:15] The value of Progress is 90
[Debug] [2023-2-25 20:22:15] The value of Progress is 95
[Debug] [2023-2-25 20:22:15] The value of Progress is 100
[Debug] [2023-2-25 20:22:16] COMMAND[Program] execute successfully, takes 1.4 secs.
[Debug] [2023-2-25 20:22:16] End to send programming cmd.
[Info] [2023-2-25 20:22:37] /***************************End Configration***************************/
[Info] [2023-2-25 20:26:44] /***************************Start Configuration***************************/
[Info] [2023-2-25 20:26:44] Path: D:/pango/PDS_2022.1/bin
[Info] [2023-2-25 20:26:44] Version: 99559
[Info] [2023-2-25 20:26:45] Current Path: D:/FPGA/Project/I2S
[Info] [2023-2-25 20:26:45] PDS Dir Path: D:/FPGA/Project/I2S
[Info] [2023-2-25 20:26:46] Configuration is not connect with server. connect first then scan chain.
[Debug] [2023-2-25 20:26:46] Client Local host name:QQX
[Debug] [2023-2-25 20:26:46] Client Local Address:192.168.0.109
[Debug] [2023-2-25 20:26:46] Server Address:127.0.0.1, Port:65420
[Info] [2023-2-25 20:26:47] Connect OK, Server: 127.0.0.1  Port: 65420
[Debug] [2023-2-25 20:26:47] Finish.
[Info] [2023-2-25 20:26:47] Connect server succeeded
[Debug] [2023-2-25 20:26:47] Send RPC:1
[Debug] [2023-2-25 20:26:47] Send cmd [check version information:40005] OK
[Debug] [2023-2-25 20:26:48] Send RPC:2
[Debug] [2023-2-25 20:26:48] Send cmd [get_cable_paras:40011] OK
[Debug] [2023-2-25 20:26:48] Begin to send initialize chain cmd...
[Debug] [2023-2-25 20:26:48] Send RPC:3
[Debug] [2023-2-25 20:26:48] Send cmd [Open config cable:20001] OK
[Debug] [2023-2-25 20:26:48] End to send initialize chain cmd.
[Debug] [2023-2-25 20:26:48] COMMAND[check version information] execute successfully, takes 0.8 secs.
[Debug] [2023-2-25 20:26:49] COMMAND[get_cable_paras] execute successfully, takes 1.4 secs.
[Debug] [2023-2-25 20:26:50] begin the exec of open cable cmd...
[Debug] [2023-2-25 20:26:50] Begin to deal with chain from server...
[Debug] [2023-2-25 20:26:50] Begin to set user chain...
[Debug] [2023-2-25 20:26:50] End to set user chain.
[Debug] [2023-2-25 20:26:50] Begin to update graphic item and tree item ...
[Debug] [2023-2-25 20:26:50] End to update graphic item and tree item ...
[Info] [2023-2-25 20:26:52] set OpenLastPath: D:/FPGA/Project/I2S/generate_bitstream/top.sbit
[Debug] [2023-2-25 20:26:52] begin to get device info from CFG file...
[Debug] [2023-2-25 20:26:52] end to get device info from CFG file...
[Debug] [2023-2-25 20:26:52] Begin to update graphic item and tree item ...
[Debug] [2023-2-25 20:26:52] End to update graphic item and tree item ...
[Debug] [2023-2-25 20:26:52] End to deal wiht chain from server.
[Debug] [2023-2-25 20:26:52] end the exec of open cable cmd.
[Debug] [2023-2-25 20:26:52] COMMAND[Open config cable] execute successfully, takes 4.0 secs.
[Debug] [2023-2-25 20:26:54] Begin to send programming cmd...
[Debug] [2023-2-25 20:26:54] Send RPC:4
[Debug] [2023-2-25 20:26:54] Begin to send program data.
[Debug] [2023-2-25 20:26:54] End to send program data.
[Debug] [2023-2-25 20:26:54] Send cmd [Program:20002] OK
[Debug] [2023-2-25 20:26:54] The value of Progress is 6
[Debug] [2023-2-25 20:26:54] The value of Progress is 10
[Debug] [2023-2-25 20:26:54] The value of Progress is 15
[Debug] [2023-2-25 20:26:54] The value of Progress is 20
[Debug] [2023-2-25 20:26:54] The value of Progress is 25
[Debug] [2023-2-25 20:26:54] The value of Progress is 30
[Debug] [2023-2-25 20:26:54] The value of Progress is 35
[Debug] [2023-2-25 20:26:54] The value of Progress is 40
[Debug] [2023-2-25 20:26:54] The value of Progress is 45
[Debug] [2023-2-25 20:26:54] The value of Progress is 50
[Debug] [2023-2-25 20:26:54] The value of Progress is 55
[Debug] [2023-2-25 20:26:54] The value of Progress is 60
[Debug] [2023-2-25 20:26:54] The value of Progress is 65
[Debug] [2023-2-25 20:26:54] The value of Progress is 70
[Debug] [2023-2-25 20:26:54] The value of Progress is 75
[Debug] [2023-2-25 20:26:55] The value of Progress is 80
[Debug] [2023-2-25 20:26:55] The value of Progress is 85
[Debug] [2023-2-25 20:26:55] The value of Progress is 90
[Debug] [2023-2-25 20:26:55] The value of Progress is 95
[Debug] [2023-2-25 20:26:55] The value of Progress is 100
[Debug] [2023-2-25 20:26:55] COMMAND[Program] execute successfully, takes 1.4 secs.
[Debug] [2023-2-25 20:26:55] End to send programming cmd.
[Info] [2023-2-25 20:27:17] /***************************End Configration***************************/
[Info] [2023-2-25 20:35:11] /***************************Start Configuration***************************/
[Info] [2023-2-25 20:35:11] Path: D:/pango/PDS_2022.1/bin
[Info] [2023-2-25 20:35:11] Version: 99559
[Info] [2023-2-25 20:35:12] Current Path: D:/FPGA/Project/I2S
[Info] [2023-2-25 20:35:12] PDS Dir Path: D:/FPGA/Project/I2S
[Info] [2023-2-25 20:35:14] Configuration is not connect with server. connect first then scan chain.
[Debug] [2023-2-25 20:35:14] Client Local host name:QQX
[Debug] [2023-2-25 20:35:14] Client Local Address:192.168.0.109
[Debug] [2023-2-25 20:35:14] Server Address:127.0.0.1, Port:65420
[Info] [2023-2-25 20:35:15] Connect OK, Server: 127.0.0.1  Port: 65420
[Debug] [2023-2-25 20:35:15] Finish.
[Info] [2023-2-25 20:35:15] Connect server succeeded
[Debug] [2023-2-25 20:35:15] Send RPC:1
[Debug] [2023-2-25 20:35:15] Send cmd [check version information:40005] OK
[Debug] [2023-2-25 20:35:15] Send RPC:2
[Debug] [2023-2-25 20:35:15] Send cmd [get_cable_paras:40011] OK
[Debug] [2023-2-25 20:35:15] Begin to send initialize chain cmd...
[Debug] [2023-2-25 20:35:15] Send RPC:3
[Debug] [2023-2-25 20:35:15] Send cmd [Open config cable:20001] OK
[Debug] [2023-2-25 20:35:15] End to send initialize chain cmd.
[Debug] [2023-2-25 20:35:15] COMMAND[check version information] execute successfully, takes 0.8 secs.
[Debug] [2023-2-25 20:35:17] COMMAND[get_cable_paras] execute successfully, takes 1.5 secs.
[Debug] [2023-2-25 20:35:18] begin the exec of open cable cmd...
[Debug] [2023-2-25 20:35:18] Begin to deal with chain from server...
[Debug] [2023-2-25 20:35:18] Begin to set user chain...
[Debug] [2023-2-25 20:35:18] End to set user chain.
[Debug] [2023-2-25 20:35:18] Begin to update graphic item and tree item ...
[Debug] [2023-2-25 20:35:18] End to update graphic item and tree item ...
[Info] [2023-2-25 20:35:21] set OpenLastPath: D:/FPGA/Project/I2S/generate_bitstream/top.sbit
[Debug] [2023-2-25 20:35:21] begin to get device info from CFG file...
[Debug] [2023-2-25 20:35:21] end to get device info from CFG file...
[Debug] [2023-2-25 20:35:21] Begin to update graphic item and tree item ...
[Debug] [2023-2-25 20:35:21] End to update graphic item and tree item ...
[Debug] [2023-2-25 20:35:21] End to deal wiht chain from server.
[Debug] [2023-2-25 20:35:21] end the exec of open cable cmd.
[Debug] [2023-2-25 20:35:21] COMMAND[Open config cable] execute successfully, takes 5.6 secs.
[Debug] [2023-2-25 20:35:23] Begin to send programming cmd...
[Debug] [2023-2-25 20:35:23] Send RPC:4
[Debug] [2023-2-25 20:35:23] Begin to send program data.
[Debug] [2023-2-25 20:35:23] End to send program data.
[Debug] [2023-2-25 20:35:23] Send cmd [Program:20002] OK
[Debug] [2023-2-25 20:35:23] The value of Progress is 6
[Debug] [2023-2-25 20:35:23] The value of Progress is 10
[Debug] [2023-2-25 20:35:23] The value of Progress is 15
[Debug] [2023-2-25 20:35:23] The value of Progress is 20
[Debug] [2023-2-25 20:35:23] The value of Progress is 25
[Debug] [2023-2-25 20:35:23] The value of Progress is 30
[Debug] [2023-2-25 20:35:23] The value of Progress is 35
[Debug] [2023-2-25 20:35:23] The value of Progress is 40
[Debug] [2023-2-25 20:35:23] The value of Progress is 45
[Debug] [2023-2-25 20:35:23] The value of Progress is 50
[Debug] [2023-2-25 20:35:23] The value of Progress is 55
[Debug] [2023-2-25 20:35:23] The value of Progress is 60
[Debug] [2023-2-25 20:35:23] The value of Progress is 65
[Debug] [2023-2-25 20:35:24] The value of Progress is 70
[Debug] [2023-2-25 20:35:24] The value of Progress is 75
[Debug] [2023-2-25 20:35:24] The value of Progress is 80
[Debug] [2023-2-25 20:35:24] The value of Progress is 85
[Debug] [2023-2-25 20:35:24] The value of Progress is 90
[Debug] [2023-2-25 20:35:24] The value of Progress is 95
[Debug] [2023-2-25 20:35:24] The value of Progress is 100
[Debug] [2023-2-25 20:35:24] COMMAND[Program] execute successfully, takes 1.4 secs.
[Debug] [2023-2-25 20:35:24] End to send programming cmd.
[Info] [2023-2-25 20:35:41] /***************************End Configration***************************/
[Info] [2023-2-25 20:37:52] /***************************Start Configuration***************************/
[Info] [2023-2-25 20:37:52] Path: D:/pango/PDS_2022.1/bin
[Info] [2023-2-25 20:37:52] Version: 99559
[Info] [2023-2-25 20:37:53] Current Path: D:/FPGA/Project/I2S
[Info] [2023-2-25 20:37:53] PDS Dir Path: D:/FPGA/Project/I2S
[Info] [2023-2-25 20:37:55] Configuration is not connect with server. connect first then scan chain.
[Debug] [2023-2-25 20:37:55] Client Local host name:QQX
[Debug] [2023-2-25 20:37:55] Client Local Address:192.168.0.109
[Debug] [2023-2-25 20:37:55] Server Address:127.0.0.1, Port:65420
[Info] [2023-2-25 20:37:55] Connect OK, Server: 127.0.0.1  Port: 65420
[Debug] [2023-2-25 20:37:55] Finish.
[Info] [2023-2-25 20:37:55] Connect server succeeded
[Debug] [2023-2-25 20:37:55] Send RPC:1
[Debug] [2023-2-25 20:37:55] Send cmd [check version information:40005] OK
[Debug] [2023-2-25 20:37:56] Send RPC:2
[Debug] [2023-2-25 20:37:56] Send cmd [get_cable_paras:40011] OK
[Debug] [2023-2-25 20:37:56] Begin to send initialize chain cmd...
[Debug] [2023-2-25 20:37:56] Send RPC:3
[Debug] [2023-2-25 20:37:56] Send cmd [Open config cable:20001] OK
[Debug] [2023-2-25 20:37:56] End to send initialize chain cmd.
[Debug] [2023-2-25 20:37:56] COMMAND[check version information] execute successfully, takes 0.8 secs.
[Debug] [2023-2-25 20:37:57] COMMAND[get_cable_paras] execute successfully, takes 1.5 secs.
[Debug] [2023-2-25 20:37:58] begin the exec of open cable cmd...
[Debug] [2023-2-25 20:37:58] Begin to deal with chain from server...
[Debug] [2023-2-25 20:37:58] Begin to set user chain...
[Debug] [2023-2-25 20:37:58] End to set user chain.
[Debug] [2023-2-25 20:37:58] Begin to update graphic item and tree item ...
[Debug] [2023-2-25 20:37:58] End to update graphic item and tree item ...
[Info] [2023-2-25 20:38:01] set OpenLastPath: D:/FPGA/Project/I2S/generate_bitstream/top.sbit
[Debug] [2023-2-25 20:38:01] begin to get device info from CFG file...
[Debug] [2023-2-25 20:38:01] end to get device info from CFG file...
[Debug] [2023-2-25 20:38:01] Begin to update graphic item and tree item ...
[Debug] [2023-2-25 20:38:01] End to update graphic item and tree item ...
[Debug] [2023-2-25 20:38:01] End to deal wiht chain from server.
[Debug] [2023-2-25 20:38:01] end the exec of open cable cmd.
[Debug] [2023-2-25 20:38:01] COMMAND[Open config cable] execute successfully, takes 4.9 secs.
[Debug] [2023-2-25 20:38:03] Begin to send programming cmd...
[Debug] [2023-2-25 20:38:03] Send RPC:4
[Debug] [2023-2-25 20:38:03] Begin to send program data.
[Debug] [2023-2-25 20:38:03] End to send program data.
[Debug] [2023-2-25 20:38:03] Send cmd [Program:20002] OK
[Debug] [2023-2-25 20:38:03] The value of Progress is 6
[Debug] [2023-2-25 20:38:04] The value of Progress is 10
[Debug] [2023-2-25 20:38:04] The value of Progress is 15
[Debug] [2023-2-25 20:38:04] The value of Progress is 20
[Debug] [2023-2-25 20:38:04] The value of Progress is 25
[Debug] [2023-2-25 20:38:04] The value of Progress is 30
[Debug] [2023-2-25 20:38:04] The value of Progress is 35
[Debug] [2023-2-25 20:38:04] The value of Progress is 40
[Debug] [2023-2-25 20:38:04] The value of Progress is 45
[Debug] [2023-2-25 20:38:04] The value of Progress is 50
[Debug] [2023-2-25 20:38:04] The value of Progress is 55
[Debug] [2023-2-25 20:38:04] The value of Progress is 60
[Debug] [2023-2-25 20:38:04] The value of Progress is 65
[Debug] [2023-2-25 20:38:04] The value of Progress is 70
[Debug] [2023-2-25 20:38:04] The value of Progress is 75
[Debug] [2023-2-25 20:38:04] The value of Progress is 80
[Debug] [2023-2-25 20:38:04] The value of Progress is 85
[Debug] [2023-2-25 20:38:04] The value of Progress is 90
[Debug] [2023-2-25 20:38:04] The value of Progress is 95
[Debug] [2023-2-25 20:38:04] The value of Progress is 100
[Debug] [2023-2-25 20:38:05] COMMAND[Program] execute successfully, takes 1.4 secs.
[Debug] [2023-2-25 20:38:05] End to send programming cmd.
[Info] [2023-2-25 20:38:25] /***************************End Configration***************************/
[Info] [2023-2-25 20:42:50] /***************************Start Configuration***************************/
[Info] [2023-2-25 20:42:50] Path: D:/pango/PDS_2022.1/bin
[Info] [2023-2-25 20:42:50] Version: 99559
[Info] [2023-2-25 20:42:51] Current Path: D:/FPGA/Project/I2S
[Info] [2023-2-25 20:42:51] PDS Dir Path: D:/FPGA/Project/I2S
[Info] [2023-2-25 20:42:53] Configuration is not connect with server. connect first then scan chain.
[Debug] [2023-2-25 20:42:53] Client Local host name:QQX
[Debug] [2023-2-25 20:42:53] Client Local Address:192.168.0.109
[Debug] [2023-2-25 20:42:53] Server Address:127.0.0.1, Port:65420
[Info] [2023-2-25 20:42:53] Connect OK, Server: 127.0.0.1  Port: 65420
[Debug] [2023-2-25 20:42:53] Finish.
[Info] [2023-2-25 20:42:53] Connect server succeeded
[Debug] [2023-2-25 20:42:53] Send RPC:1
[Debug] [2023-2-25 20:42:53] Send cmd [check version information:40005] OK
[Debug] [2023-2-25 20:42:54] Send RPC:2
[Debug] [2023-2-25 20:42:54] Send cmd [get_cable_paras:40011] OK
[Debug] [2023-2-25 20:42:54] Begin to send initialize chain cmd...
[Debug] [2023-2-25 20:42:54] Send RPC:3
[Debug] [2023-2-25 20:42:54] Send cmd [Open config cable:20001] OK
[Debug] [2023-2-25 20:42:54] End to send initialize chain cmd.
[Debug] [2023-2-25 20:42:54] COMMAND[check version information] execute successfully, takes 0.8 secs.
[Debug] [2023-2-25 20:42:55] COMMAND[get_cable_paras] execute successfully, takes 1.5 secs.
[Debug] [2023-2-25 20:42:56] begin the exec of open cable cmd...
[Debug] [2023-2-25 20:42:56] Begin to deal with chain from server...
[Debug] [2023-2-25 20:42:56] Begin to set user chain...
[Debug] [2023-2-25 20:42:56] End to set user chain.
[Debug] [2023-2-25 20:42:56] Begin to update graphic item and tree item ...
[Debug] [2023-2-25 20:42:56] End to update graphic item and tree item ...
[Info] [2023-2-25 20:42:59] set OpenLastPath: D:/FPGA/Project/I2S/generate_bitstream/top.sbit
[Debug] [2023-2-25 20:42:59] begin to get device info from CFG file...
[Debug] [2023-2-25 20:42:59] end to get device info from CFG file...
[Debug] [2023-2-25 20:42:59] Begin to update graphic item and tree item ...
[Debug] [2023-2-25 20:42:59] End to update graphic item and tree item ...
[Debug] [2023-2-25 20:42:59] End to deal wiht chain from server.
[Debug] [2023-2-25 20:42:59] end the exec of open cable cmd.
[Debug] [2023-2-25 20:42:59] COMMAND[Open config cable] execute successfully, takes 4.9 secs.
[Debug] [2023-2-25 20:43:03] Begin to send programming cmd...
[Debug] [2023-2-25 20:43:03] Send RPC:4
[Debug] [2023-2-25 20:43:03] Begin to send program data.
[Debug] [2023-2-25 20:43:03] End to send program data.
[Debug] [2023-2-25 20:43:03] Send cmd [Program:20002] OK
[Debug] [2023-2-25 20:43:03] The value of Progress is 6
[Debug] [2023-2-25 20:43:03] The value of Progress is 10
[Debug] [2023-2-25 20:43:03] The value of Progress is 15
[Debug] [2023-2-25 20:43:03] The value of Progress is 20
[Debug] [2023-2-25 20:43:03] The value of Progress is 25
[Debug] [2023-2-25 20:43:03] The value of Progress is 30
[Debug] [2023-2-25 20:43:03] The value of Progress is 35
[Debug] [2023-2-25 20:43:03] The value of Progress is 40
[Debug] [2023-2-25 20:43:03] The value of Progress is 45
[Debug] [2023-2-25 20:43:03] The value of Progress is 50
[Debug] [2023-2-25 20:43:03] The value of Progress is 55
[Debug] [2023-2-25 20:43:03] The value of Progress is 60
[Debug] [2023-2-25 20:43:03] The value of Progress is 65
[Debug] [2023-2-25 20:43:03] The value of Progress is 70
[Debug] [2023-2-25 20:43:04] The value of Progress is 75
[Debug] [2023-2-25 20:43:04] The value of Progress is 80
[Debug] [2023-2-25 20:43:04] The value of Progress is 85
[Debug] [2023-2-25 20:43:04] The value of Progress is 90
[Debug] [2023-2-25 20:43:04] The value of Progress is 95
[Debug] [2023-2-25 20:43:04] The value of Progress is 100
[Debug] [2023-2-25 20:43:04] COMMAND[Program] execute successfully, takes 1.4 secs.
[Debug] [2023-2-25 20:43:04] End to send programming cmd.
[Info] [2023-2-25 20:43:21] /***************************End Configration***************************/
[Info] [2023-2-25 21:03:02] /***************************Start Configuration***************************/
[Info] [2023-2-25 21:03:02] Path: D:/pango/PDS_2022.1/bin
[Info] [2023-2-25 21:03:02] Version: 99559
[Info] [2023-2-25 21:03:03] Current Path: D:/FPGA/Project/I2S
[Info] [2023-2-25 21:03:03] PDS Dir Path: D:/FPGA/Project/I2S
[Info] [2023-2-25 21:03:04] Configuration is not connect with server. connect first then scan chain.
[Debug] [2023-2-25 21:03:04] Client Local host name:QQX
[Debug] [2023-2-25 21:03:04] Client Local Address:192.168.0.109
[Debug] [2023-2-25 21:03:04] Server Address:127.0.0.1, Port:65420
[Info] [2023-2-25 21:03:05] Connect OK, Server: 127.0.0.1  Port: 65420
[Debug] [2023-2-25 21:03:05] Finish.
[Info] [2023-2-25 21:03:05] Connect server succeeded
[Debug] [2023-2-25 21:03:05] Send RPC:1
[Debug] [2023-2-25 21:03:05] Send cmd [check version information:40005] OK
[Debug] [2023-2-25 21:03:06] Send RPC:2
[Debug] [2023-2-25 21:03:06] Send cmd [get_cable_paras:40011] OK
[Debug] [2023-2-25 21:03:06] Begin to send initialize chain cmd...
[Debug] [2023-2-25 21:03:06] Send RPC:3
[Debug] [2023-2-25 21:03:06] Send cmd [Open config cable:20001] OK
[Debug] [2023-2-25 21:03:06] End to send initialize chain cmd.
[Debug] [2023-2-25 21:03:06] COMMAND[check version information] execute successfully, takes 0.8 secs.
[Debug] [2023-2-25 21:03:07] COMMAND[get_cable_paras] execute successfully, takes 1.4 secs.
[Debug] [2023-2-25 21:03:08] begin the exec of open cable cmd...
[Debug] [2023-2-25 21:03:08] Begin to deal with chain from server...
[Debug] [2023-2-25 21:03:08] Begin to set user chain...
[Debug] [2023-2-25 21:03:08] End to set user chain.
[Debug] [2023-2-25 21:03:08] Begin to update graphic item and tree item ...
[Debug] [2023-2-25 21:03:08] End to update graphic item and tree item ...
[Info] [2023-2-25 21:03:10] set OpenLastPath: D:/FPGA/Project/I2S/generate_bitstream/top.sbit
[Debug] [2023-2-25 21:03:10] begin to get device info from CFG file...
[Debug] [2023-2-25 21:03:10] end to get device info from CFG file...
[Debug] [2023-2-25 21:03:10] Begin to update graphic item and tree item ...
[Debug] [2023-2-25 21:03:10] End to update graphic item and tree item ...
[Debug] [2023-2-25 21:03:10] End to deal wiht chain from server.
[Debug] [2023-2-25 21:03:10] end the exec of open cable cmd.
[Debug] [2023-2-25 21:03:10] COMMAND[Open config cable] execute successfully, takes 3.8 secs.
[Debug] [2023-2-25 21:03:11] Begin to send programming cmd...
[Debug] [2023-2-25 21:03:11] Send RPC:4
[Debug] [2023-2-25 21:03:11] Begin to send program data.
[Debug] [2023-2-25 21:03:11] End to send program data.
[Debug] [2023-2-25 21:03:11] Send cmd [Program:20002] OK
[Debug] [2023-2-25 21:03:11] The value of Progress is 6
[Debug] [2023-2-25 21:03:11] The value of Progress is 10
[Debug] [2023-2-25 21:03:11] The value of Progress is 15
[Debug] [2023-2-25 21:03:12] The value of Progress is 20
[Debug] [2023-2-25 21:03:12] The value of Progress is 25
[Debug] [2023-2-25 21:03:12] The value of Progress is 30
[Debug] [2023-2-25 21:03:12] The value of Progress is 35
[Debug] [2023-2-25 21:03:12] The value of Progress is 40
[Debug] [2023-2-25 21:03:12] The value of Progress is 45
[Debug] [2023-2-25 21:03:12] The value of Progress is 50
[Debug] [2023-2-25 21:03:12] The value of Progress is 55
[Debug] [2023-2-25 21:03:12] The value of Progress is 60
[Debug] [2023-2-25 21:03:12] The value of Progress is 65
[Debug] [2023-2-25 21:03:12] The value of Progress is 70
[Debug] [2023-2-25 21:03:12] The value of Progress is 75
[Debug] [2023-2-25 21:03:12] The value of Progress is 80
[Debug] [2023-2-25 21:03:12] The value of Progress is 85
[Debug] [2023-2-25 21:03:12] The value of Progress is 90
[Debug] [2023-2-25 21:03:12] The value of Progress is 95
[Debug] [2023-2-25 21:03:12] The value of Progress is 100
[Debug] [2023-2-25 21:03:12] COMMAND[Program] execute successfully, takes 1.4 secs.
[Debug] [2023-2-25 21:03:12] End to send programming cmd.
[Info] [2023-2-25 21:09:11] /***************************End Configration***************************/
