#Build: Fabric Compiler 2022.1, Build 99559, Jul 12 00:20 2022
#Install: D:\pango\PDS_2022.1\bin
#Application name: pds_shell.exe
#OS: Windows 10 10.0.22621
#Hostname: QQX
Generated by Fabric Compiler (version 2022.1 build 99559) at Sat Feb 25 20:21:58 2023
Compiling verification operator library.
Compiling common defs.
Compiling prim grid devices.
Compiling gate devices.
Compiling gate operators.
Building architecture model.
Loading device packaging model.
Reading design from DB.
Start Generating Programming File...
Reading design from DB takes 0.031250 sec.
Generating architecture configuration.
The bitstream file is "D:/FPGA/Project/I2S/generate_bitstream/top.sbit"
Generate programming file takes 0.359375 sec.
Generating Programming File done.
Action gen_bit_stream: Real time elapsed is 0h:0m:4s
Action gen_bit_stream: CPU time elapsed is 0h:0m:1s
Action gen_bit_stream: Process CPU time elapsed is 0h:0m:1s
Current time: Sat Feb 25 20:22:00 2023
Action gen_bit_stream: Peak memory pool usage is 334 MB
