#Build: Fabric Compiler 2022.1, Build 99559, Jul 12 00:20 2022
#Install: D:\pango\PDS_2022.1\bin
#Application name: pds_shell.exe
#OS: Windows 10 10.0.22621
#Hostname: QQX
Generated by Fabric Compiler (version 2022.1 build 99559) at Sat Feb 25 20:13:01 2023
Compiling verification operator library.
Compiling common defs.
Compiling prim grid devices.
Compiling gate devices.
Compiling gate operators.
Building architecture model.
Loading device packaging model.
Building architecture floorplan logic view.
Constraint check start.
Executing : def_port {led} LOC=U10 VCCIO=3.3 IOSTANDARD=LVCMOS33 DRIVE=4 SLEW=SLOW NONE=TRUE
Executing : def_port {led} LOC=U10 VCCIO=3.3 IOSTANDARD=LVCMOS33 DRIVE=4 SLEW=SLOW NONE=TRUE successfully
Executing : def_port {mic_out} LOC=R16 VCCIO=3.3 IOSTANDARD=LVCMOS33 DRIVE=4 SLEW=SLOW NONE=TRUE
Executing : def_port {mic_out} LOC=R16 VCCIO=3.3 IOSTANDARD=LVCMOS33 DRIVE=4 SLEW=SLOW NONE=TRUE successfully
Executing : def_port {mic_sck} LOC=P11 VCCIO=3.3 IOSTANDARD=LVCMOS33 DRIVE=4 SLEW=SLOW NONE=TRUE
Executing : def_port {mic_sck} LOC=P11 VCCIO=3.3 IOSTANDARD=LVCMOS33 DRIVE=4 SLEW=SLOW NONE=TRUE successfully
Executing : def_port {mic_ws} LOC=P14 VCCIO=3.3 IOSTANDARD=LVCMOS33 DRIVE=4 SLEW=SLOW NONE=TRUE
Executing : def_port {mic_ws} LOC=P14 VCCIO=3.3 IOSTANDARD=LVCMOS33 DRIVE=4 SLEW=SLOW NONE=TRUE successfully
Executing : def_port {Key} LOC=V12 VCCIO=3.3 IOSTANDARD=LVCMOS33 NONE=TRUE
C: ConstraintEditor-2001: [D:/FPGA/Project/I2S/device_map/top.pcf(line number: 7)] Object 'Key' is dangling, which has no connection. it will be ignored.
Executing : def_port {Key} LOC=V12 VCCIO=3.3 IOSTANDARD=LVCMOS33 NONE=TRUE failed
Executing : def_port {clk50M} LOC=B5 VCCIO=3.3 IOSTANDARD=LVCMOS33 NONE=TRUE
Executing : def_port {clk50M} LOC=B5 VCCIO=3.3 IOSTANDARD=LVCMOS33 NONE=TRUE successfully
Executing : def_port {mic_sd} LOC=R11 VCCIO=3.3 IOSTANDARD=LVCMOS33 NONE=TRUE
C: ConstraintEditor-2001: [D:/FPGA/Project/I2S/device_map/top.pcf(line number: 9)] Object 'mic_sd' is dangling, which has no connection. it will be ignored.
Executing : def_port {mic_sd} LOC=R11 VCCIO=3.3 IOSTANDARD=LVCMOS33 NONE=TRUE failed
Executing : def_port {rst_n} LOC=U12 VCCIO=3.3 IOSTANDARD=LVCMOS33 NONE=TRUE
Executing : def_port {rst_n} LOC=U12 VCCIO=3.3 IOSTANDARD=LVCMOS33 NONE=TRUE successfully
Constraint check end.
I: Column Clock Check close.

Placement started.
Phase 1 Pre global placement started.
Mapping instance dac_pll_u/u_pll_e1/goppll to PLL_82_319.
Phase 1.1 1st GP placement started.
Design Utilization : 1%.
Wirelength after clock region global placement is 393.
1st GP placement takes 0.19 sec.

Phase 1.2 Clock placement started.
Mapping instance clkbufg_0/gopclkbufg to USCM_74_104.
Mapping instance clkbufg_1/gopclkbufg to USCM_74_105.
Clock placement takes 0.02 sec.

Pre global placement takes 0.48 sec.

Phase 2 Global placement started.
Phase 2.1 Fixed placement started.
Placed fixed group with base inst clk50M_ibuf/opit_1 on IOL_7_298.
Placed fixed group with base inst led_obuf/opit_1 on IOL_151_114.
Placed fixed group with base inst mic_out_obuf/opit_1 on IOL_151_42.
Placed fixed group with base inst mic_sck_obuf/opit_1 on IOL_151_86.
Placed fixed group with base inst mic_ws_obuf/opit_1 on IOL_151_9.
Placed fixed group with base inst rst_n_ibuf/opit_1 on IOL_151_106.
Placed fixed instance clkbufg_0/gopclkbufg on USCM_74_104.
Placed fixed instance clkbufg_1/gopclkbufg on USCM_74_105.
Placed fixed instance dac_pll_u/u_pll_e1/goppll on PLL_82_319.
Placed fixed instance BKCL_auto_0 on BKCL_2_268.
Placed fixed instance BKCL_auto_1 on BKCL_154_20.
Fixed placement takes 0.00 sec.

Phase 2.2 Process placement started.
Process placement takes 0.00 sec.

Phase 2.3 IO placement started.
IO placement takes 0.02 sec.

Phase 2.4 2nd GP placement started.
Run super clustering :
	Initial slack 994926.
	4 iterations finished.
	Final slack 997457.
Super clustering done.
Design Utilization : 1%.
2nd GP placement takes 0.09 sec.

Wirelength after global placement is 400.
Global placement takes 0.11 sec.

Phase 3 Post global placement started.
Phase 3.1 Macro cell placement started.
Wirelength after macro cell placement is 400.
Macro cell placement takes 0.00 sec.

Phase 3.2 3rd GP placement started.
Run super clustering :
	Initial slack 994926.
	4 iterations finished.
	Final slack 997457.
Super clustering done.
Design Utilization : 1%.
3rd GP placement takes 0.14 sec.

Wirelength after post global placement is 400.
Post global placement takes 0.14 sec.

Phase 4 Legalization started.
The average distance in LP is 2.925926.
Wirelength after legalization is 413.
Legalization takes 0.00 sec.

Phase 5 Timing-driven detailed placement started.
Phase 5.1 Replication placement started.
Worst slack before Replication Place is 997217.
Replication placement takes 0.00 sec.

Wirelength after replication placement is 413.
Phase 5.2 DP placement started.
Legalized cost 997217.000000.
The detailed placement ends at 0th iteration.
DP placement takes 0.00 sec.

Wirelength after detailed placement is 413.
Timing-driven detailed placement takes 0.00 sec.

Worst slack is 997217, TNS after placement is 0.
Placement done.
Total placement takes 0.75 sec.
Finished placement. (CPU time elapsed 0h:00m:00s)

Routing started.
Building routing graph takes 0.16 sec.
Worst slack is 997217, TNS before global route is 0.
Processing design graph takes 0.05 sec.
Total memory for routing:
	46.845749 M.
Total nets for routing : 69.
Rcf routing step 1 processed 0 nets, it takes 0.00 sec.
Rcf routing step 2 processed 0 nets, it takes 0.00 sec.
Rcf routing step 3 processed 0 nets, it takes 0.00 sec.
Global Routing step 1 processed 0 nets, it takes 0.00 sec.
Global Routing step 2 processed 0 nets, it takes 0.00 sec.
Unrouted nets 0 at the end of iteration 0.
Global Routing step 3 processed 4 nets, it takes 0.00 sec.
Global routing takes 0.00 sec.
Total 73 subnets.
    forward max bucket size 84 , backward 23.
        Unrouted nets 37 at the end of iteration 0.
    route iteration 0, CPU time elapsed 0.000000 sec.
    forward max bucket size 78 , backward 19.
        Unrouted nets 26 at the end of iteration 1.
    route iteration 1, CPU time elapsed 0.000000 sec.
    forward max bucket size 17 , backward 19.
        Unrouted nets 24 at the end of iteration 2.
    route iteration 2, CPU time elapsed 0.000000 sec.
    forward max bucket size 16 , backward 17.
        Unrouted nets 16 at the end of iteration 3.
    route iteration 3, CPU time elapsed 0.000000 sec.
    forward max bucket size 13 , backward 20.
        Unrouted nets 11 at the end of iteration 4.
    route iteration 4, CPU time elapsed 0.000000 sec.
    forward max bucket size 13 , backward 24.
        Unrouted nets 6 at the end of iteration 5.
    route iteration 5, CPU time elapsed 0.000000 sec.
    forward max bucket size 12 , backward 25.
        Unrouted nets 2 at the end of iteration 6.
    route iteration 6, CPU time elapsed 0.000000 sec.
    forward max bucket size 12 , backward 13.
        Unrouted nets 2 at the end of iteration 7.
    route iteration 7, CPU time elapsed 0.000000 sec.
    forward max bucket size 6 , backward 6.
        Unrouted nets 0 at the end of iteration 8.
    route iteration 8, CPU time elapsed 0.000000 sec.
Detailed routing takes 8 iterations
Detailed routing takes 0.00 sec.
Start fix hold violation.
Build tmp routing results takes 0.00 sec.
Timing analysis takes 0.00 sec.
No hold violation.
Hold Violation Fix in router takes 0 iterations.
Fix hold violation Finished.
Hold Violation Fix in router takes 0.02 sec.

Dispose routing result:
    Collect routing result.
    Delete unused device instances.
    Annotate routing result.
    Change LUT configuration.
    Dispose misc instances.
    Annotate routing result again.
Finish routing takes 0.00 sec.
Used SRB routing arc is 566.
Cleanup routing takes 0.00 sec.
Routing done.
Total routing takes 0.25 sec.


Device Utilization Summary :
+---------------------------------------------------------------------------+
| Logic Utilization        | Used     | Available     | Utilization(%)     
+---------------------------------------------------------------------------+
| Use of ADC               | 0        | 1             | 0                  
| Use of APM               | 0        | 30            | 0                  
| Use of BKCL              | 2        | 6             | 34                 
| Use of CLMA              | 11       | 3274          | 1                  
|   FF                     | 16       | 19644         | 1                  
|   LUT                    | 30       | 13096         | 1                  
|   LUT-FF pairs           | 6        | 13096         | 1                  
| Use of CLMS              | 3        | 1110          | 1                  
|   FF                     | 12       | 6660          | 1                  
|   LUT                    | 12       | 4440          | 1                  
|   LUT-FF pairs           | 2        | 4440          | 1                  
|   Distributed RAM        | 0        | 4440          | 0                  
| Use of CRYSTAL           | 0        | 6             | 0                  
| Use of DLL               | 0        | 6             | 0                  
| Use of DQSL              | 0        | 18            | 0                  
| Use of DRM               | 0        | 48            | 0                  
| Use of FLSIF             | 0        | 1             | 0                  
| Use of FUSECODE          | 0        | 1             | 0                  
| Use of HARD0N1           | 0        | 2745          | 0                  
| Use of HMEMC             | 0        | 2             | 0                  
| Use of IO                | 6        | 240           | 3                  
|   IOBD                   | 5        | 120           | 5                  
|   IOBR                   | 0        | 6             | 0                  
|   IOBS                   | 1        | 114           | 1                  
| Use of IOCKDIV           | 0        | 12            | 0                  
| Use of IOCKDLY           | 0        | 24            | 0                  
| Use of IOCKGATE          | 0        | 12            | 0                  
| Use of IOCKGMUX_TEST     | 0        | 12            | 0                  
| Use of IOL               | 6        | 240           | 3                  
| Use of IPAL              | 0        | 1             | 0                  
| Use of MFG_TEST          | 0        | 1             | 0                  
| Use of OSC               | 0        | 1             | 0                  
| Use of PLL               | 1        | 6             | 17                 
| Use of PREGMUX_TEST      | 0        | 6             | 0                  
| Use of RCKB              | 0        | 24            | 0                  
| Use of RCKBMUX_TEST      | 0        | 12            | 0                  
| Use of RESCAL            | 0        | 6             | 0                  
| Use of SCANCHAIN         | 0        | 4             | 0                  
| Use of START             | 1        | 1             | 100                
| Use of UDID              | 0        | 1             | 0                  
| Use of USCM              | 2        | 20            | 10                 
| Use of USCMMUX_TEST      | 0        | 20            | 0                  
| Use of VCKBMUX_TEST      | 0        | 12            | 0                  
+---------------------------------------------------------------------------+

Finished routing. (CPU time elapsed 0h:00m:00s)
Design 'top' has been placed and routed successfully.
Saving design to DB.
Finished placement and routing. (CPU time elapsed 0h:00m:02s)
Action pnr: Real time elapsed is 0h:0m:7s
Action pnr: CPU time elapsed is 0h:0m:2s
Action pnr: Process CPU time elapsed is 0h:0m:2s
Current time: Sat Feb 25 20:13:06 2023
Action pnr: Peak memory pool usage is 631 MB
