#Build: Fabric Compiler 2022.1, Build 99559, Jul 12 00:20 2022
#Install: E:\pango\PDS_2022.1\bin
#Application name: pds_shell.exe
#OS: Windows 10 10.0.19044
#Hostname: LAPTOP-393KSRV8
Generated by Fabric Compiler (version 2022.1 build 99559) at Sun Feb 26 09:47:00 2023
License checkout: fabric_ads
Compiling verification operator library.
Compiling common defs.
Loading technology operator library.
Compiling technology operator library.
Compiling technology operator (valence) library.
Reading design from compile DB
Reading design from compile DB successfully.
Constraint check start.
Compiling prim grid devices.
Building architecture model.
Loading device packaging model.
Building architecture floorplan logic view.
E: ConstraintEditor-0046: [E:/A_university_study_E/FPGA/PDS/PDS_project/I2S/I2S.fdc(line number: 32)] Object 'p:rst_n' can not be found in current view.
E: ConstraintEditor-0046: [E:/A_university_study_E/FPGA/PDS/PDS_project/I2S/I2S.fdc(line number: 33)] Object 'p:rst_n' can not be found in current view.
E: ConstraintEditor-0046: [E:/A_university_study_E/FPGA/PDS/PDS_project/I2S/I2S.fdc(line number: 34)] Object 'p:rst_n' can not be found in current view.
E: ConstraintEditor-0046: [E:/A_university_study_E/FPGA/PDS/PDS_project/I2S/I2S.fdc(line number: 35)] Object 'p:rst_n' can not be found in current view.
E: ConstraintEditor-0046: [E:/A_university_study_E/FPGA/PDS/PDS_project/I2S/I2S.fdc(line number: 36)] Object 'p:rst_n' can not be found in current view.
W: ConstraintEditor-4019: Port 'Reset_n' unspecified I/O constraint.
Constraint check end.
Action synthesize: Real time elapsed is 0h:0m:3s
Action synthesize: CPU time elapsed is 0h:0m:1s
Action synthesize: Process CPU time elapsed is 0h:0m:1s
Current time: Sun Feb 26 09:47:02 2023
Action synthesize: Peak memory pool usage is 199 MB
