#Build: Fabric Compiler 2022.1, Build 99559, Jul 12 00:20 2022
#Install: E:\pango\PDS_2022.1\bin
#Application name: pds_shell.exe
#OS: Windows 10 10.0.19044
#Hostname: LAPTOP-393KSRV8
Generated by Fabric Compiler (version 2022.1 build 99559) at Sun Feb 26 14:57:47 2023
License checkout: fabric_ads
Compiling verification operator library.
Compiling common defs.
Loading technology operator library.
Compiling technology operator library.
Compiling technology operator (valence) library.
Reading design from compile DB
Reading design from compile DB successfully.
Constraint check start.
Compiling prim grid devices.
Building architecture model.
Loading device packaging model.
Building architecture floorplan logic view.
E: ConstraintEditor-0046: [E:/A_university_study_E/FPGA/PDS/PDS_project/I2S/source/io_sourese.fdc(line number: 1)] Object 'p:led' can not be found in current view.
E: ConstraintEditor-0046: [E:/A_university_study_E/FPGA/PDS/PDS_project/I2S/source/io_sourese.fdc(line number: 2)] Object 'p:led' can not be found in current view.
E: ConstraintEditor-0046: [E:/A_university_study_E/FPGA/PDS/PDS_project/I2S/source/io_sourese.fdc(line number: 3)] Object 'p:led' can not be found in current view.
E: ConstraintEditor-0046: [E:/A_university_study_E/FPGA/PDS/PDS_project/I2S/source/io_sourese.fdc(line number: 4)] Object 'p:led' can not be found in current view.
E: ConstraintEditor-0046: [E:/A_university_study_E/FPGA/PDS/PDS_project/I2S/source/io_sourese.fdc(line number: 5)] Object 'p:led' can not be found in current view.
E: ConstraintEditor-0046: [E:/A_university_study_E/FPGA/PDS/PDS_project/I2S/source/io_sourese.fdc(line number: 6)] Object 'p:led' can not be found in current view.
E: ConstraintEditor-0046: [E:/A_university_study_E/FPGA/PDS/PDS_project/I2S/source/io_sourese.fdc(line number: 7)] Object 'p:mic_out' can not be found in current view.
E: ConstraintEditor-0046: [E:/A_university_study_E/FPGA/PDS/PDS_project/I2S/source/io_sourese.fdc(line number: 8)] Object 'p:mic_out' can not be found in current view.
E: ConstraintEditor-0046: [E:/A_university_study_E/FPGA/PDS/PDS_project/I2S/source/io_sourese.fdc(line number: 9)] Object 'p:mic_out' can not be found in current view.
E: ConstraintEditor-0046: [E:/A_university_study_E/FPGA/PDS/PDS_project/I2S/source/io_sourese.fdc(line number: 10)] Object 'p:mic_out' can not be found in current view.
E: ConstraintEditor-0046: [E:/A_university_study_E/FPGA/PDS/PDS_project/I2S/source/io_sourese.fdc(line number: 11)] Object 'p:mic_out' can not be found in current view.
E: ConstraintEditor-0046: [E:/A_university_study_E/FPGA/PDS/PDS_project/I2S/source/io_sourese.fdc(line number: 12)] Object 'p:mic_out' can not be found in current view.
E: ConstraintEditor-0046: [E:/A_university_study_E/FPGA/PDS/PDS_project/I2S/source/io_sourese.fdc(line number: 33)] Object 'p:clk50M' can not be found in current view.
E: ConstraintEditor-0046: [E:/A_university_study_E/FPGA/PDS/PDS_project/I2S/source/io_sourese.fdc(line number: 34)] Object 'p:clk50M' can not be found in current view.
E: ConstraintEditor-0046: [E:/A_university_study_E/FPGA/PDS/PDS_project/I2S/source/io_sourese.fdc(line number: 35)] Object 'p:clk50M' can not be found in current view.
E: ConstraintEditor-0046: [E:/A_university_study_E/FPGA/PDS/PDS_project/I2S/source/io_sourese.fdc(line number: 36)] Object 'p:clk50M' can not be found in current view.
E: ConstraintEditor-0040: p:mic_sck lack attribute PAP_IO_LOC, IO constraints should contains both LOC and VCCIO and IOSTANDARD.
E: ConstraintEditor-0040: p:mic_ws lack attribute PAP_IO_LOC, IO constraints should contains both LOC and VCCIO and IOSTANDARD.
E: ConstraintEditor-0040: p:Key lack attribute PAP_IO_LOC, IO constraints should contains both LOC and VCCIO and IOSTANDARD.
E: ConstraintEditor-0040: p:Reset_n lack attribute PAP_IO_LOC, IO constraints should contains both LOC and VCCIO and IOSTANDARD.
E: ConstraintEditor-0040: p:mic_sd lack attribute PAP_IO_LOC, IO constraints should contains both LOC and VCCIO and IOSTANDARD.
W: ConstraintEditor-4019: Port 'LED' unspecified I/O constraint.
W: ConstraintEditor-4019: Port 'mic_out_l' unspecified I/O constraint.
W: ConstraintEditor-4019: Port 'mic_out_r' unspecified I/O constraint.
W: ConstraintEditor-4019: Port 'mic_sck' unspecified I/O constraint.
W: ConstraintEditor-4019: Port 'mic_ws' unspecified I/O constraint.
W: ConstraintEditor-4019: Port 'Key' unspecified I/O constraint.
W: ConstraintEditor-4019: Port 'Reset_n' unspecified I/O constraint.
W: ConstraintEditor-4019: Port 'clk50M_System' unspecified I/O constraint.
W: ConstraintEditor-4019: Port 'mic_sd' unspecified I/O constraint.
Constraint check end.
Action synthesize: Real time elapsed is 0h:0m:3s
Action synthesize: CPU time elapsed is 0h:0m:1s
Action synthesize: Process CPU time elapsed is 0h:0m:2s
Current time: Sun Feb 26 14:57:48 2023
Action synthesize: Peak memory pool usage is 198 MB
