#Build: Fabric Compiler 2022.1, Build 99559, Jul 12 00:20 2022
#Install: E:\pango\PDS_2022.1\bin
#Application name: pds_shell.exe
#OS: Windows 10 10.0.19044
#Hostname: LAPTOP-393KSRV8
Generated by Fabric Compiler (version 2022.1 build 99559) at Sun Feb 26 18:31:18 2023
Compiling verification operator library.
Compiling common defs.
Compiling prim grid devices.
Compiling gate devices.
Compiling gate operators.
Building architecture model.
Loading device packaging model.
Reading design from DB.
Start Generate Netlist.
Generate Netlist is finished successfully.
Action gen_netlist: Real time elapsed is 0h:0m:5s
Action gen_netlist: CPU time elapsed is 0h:0m:3s
Action gen_netlist: Process CPU time elapsed is 0h:0m:3s
Current time: Sun Feb 26 18:31:21 2023
Action gen_netlist: Peak memory pool usage is 631 MB
