#Build: Fabric Compiler 2022.1, Build 99559, Jul 12 00:20 2022
#Install: D:\pango\PDS_2022.1\bin
#Application name: pds_shell.exe
#OS: Windows 10 10.0.22621
#Hostname: QQX
Generated by Fabric Compiler (version 2022.1 build 99559) at Sat Feb 25 17:56:14 2023
Executing command action 'cmd_report_power'
Compiling verification operator library.
Compiling common defs.
Compiling prim grid devices.
Compiling gate devices.
Compiling gate operators.
Building architecture model.
Loading device packaging model.
I: The power model of the device is Post-silicon
Reading design from pnr DB.
Start: Report Power
Report Power...
Report Power successfully.
Action report_power: Real time elapsed is 0h:0m:4s
Action report_power: CPU time elapsed is 0h:0m:1s
Action report_power: Process CPU time elapsed is 0h:0m:1s
Current time: Sat Feb 25 17:56:16 2023
Action report_power: Peak memory pool usage is 247 MB
