----------------------------------------------------------------------------------------------------------------------------------------------
Notes: 
  Total_num: the numbers of add/sub in rtl
  Module Name: the module name of the instantiated module calling directly the add/sub sub module
  Location/Inst Name: if linefile info exists(no optimization), print the codes location of add/sub in rtl, else print the inst name
  Count: the amount of lutcarry for add/sub
  Number: the numbers of add/sub with the same lutcarry counts and linefile

Detailed RTL Component Info :
-----Add :
               Total_Num :5
-----Sub :
               Total_Num :0
-----AddSub :
               Total_Num :0

Add_Sub_AddSub: Initial Mapping Report :
|--------------------------------|---------|---------|---------|------------------------------------------------|
|Module Name                     |Type     |Count    |Number   |Location/Inst Name                              |
|--------------------------------|---------|---------|---------|------------------------------------------------|
|top                             |Add      |12       |1        |../source/top.v:21                              |
|--------------------------------|---------|---------|---------|------------------------------------------------|
|top                             |Add      |12       |1        |../source/top.v:22                              |
|--------------------------------|---------|---------|---------|------------------------------------------------|
|dac_u_r                         |Add      |12       |1        |../source/dac_out.v:18                          |
|--------------------------------|---------|---------|---------|------------------------------------------------|
|i2s_u                           |Add      |11       |1        |../source/i2s_top.v:51                          |
|--------------------------------|---------|---------|---------|------------------------------------------------|
|key_Relise_posedge              |Add      |20       |1        |../source/keyfilter.v:57                        |
|--------------------------------|---------|---------|---------|------------------------------------------------|

----------------------------------------------------------------------------------------------------------------------------------------------

