#Build: Fabric Compiler 2022.1, Build 99559, Jul 12 00:20 2022
#Install: E:\pango\PDS_2022.1\bin
#Application name: pds_shell.exe
#OS: Windows 10 10.0.19044
#Hostname: LAPTOP-393KSRV8
Generated by Fabric Compiler (version 2022.1 build 99559) at Sun Feb 26 18:30:56 2023
Compiling verification operator library.
Compiling common defs.
Compiling prim grid devices.
Compiling gate devices.
Compiling gate operators.
Building architecture model.
Loading device packaging model.
Reading design from pnr DB.
Start Report Post-PnR timing.
Constructing timing graph ...
Timing graph has been constructed successfully
W: STA-3011: Clock pin 'i2s_u/State/opit_0_L5Q_perm/CLK' (gopL5Q.CLK) has no clock, timing propagation is disabled at the pin.
W: Timing-4087: Port 'LED' is not constrained, it is treated as combinational output.
W: Timing-4087: Port 'mic_out_l' is not constrained, it is treated as combinational output.
W: Timing-4087: Port 'mic_out_r' is not constrained, it is treated as combinational output.
W: Timing-4087: Port 'mic_sck' is not constrained, it is treated as combinational output.
W: Timing-4087: Port 'mic_ws' is not constrained, it is treated as combinational output.
W: Timing-4086: Port 'Key' is not constrained, it is treated as combinational input.
W: Timing-4086: Port 'Reset_n' is not constrained, it is treated as combinational input.
W: Timing-4086: Port 'mic_sd' is not constrained, it is treated as combinational input.
Report timing is finished successfully.
Action report_timing: Real time elapsed is 0h:0m:5s
Action report_timing: CPU time elapsed is 0h:0m:3s
Action report_timing: Process CPU time elapsed is 0h:0m:3s
Current time: Sun Feb 26 18:31:00 2023
Action report_timing: Peak memory pool usage is 631 MB
